<?xml version="1.0" encoding="UTF-8"?>
<testng-results ignored="0" total="1" passed="0" failed="1" skipped="0">
  <reporter-output>
  </reporter-output>
  <suite started-at="2023-08-30T08:20:44 IST" name="Default suite" finished-at="2023-08-30T08:21:01 IST" duration-ms="16353">
    <groups>
    </groups>
    <test started-at="2023-08-30T08:20:44 IST" name="Default test" finished-at="2023-08-30T08:21:01 IST" duration-ms="16353">
      <class name="smoke.ValidateSearchHotel">
        <test-method is-config="true" signature="fileSetUp()[pri:0, instance:smoke.ValidateSearchHotel@7188af83]" started-at="2023-08-30T08:20:44 IST" name="fileSetUp" finished-at="2023-08-30T08:20:44 IST" duration-ms="28" status="PASS">
          <reporter-output>
          </reporter-output>
        </test-method> <!-- fileSetUp -->
        <test-method signature="validateSearchHotelTest(java.util.HashMap)[pri:0, instance:smoke.ValidateSearchHotel@7188af83]" started-at="2023-08-30T08:20:47 IST" name="validateSearchHotelTest" data-provider="getData" finished-at="2023-08-30T08:21:01 IST" duration-ms="13919" status="FAIL">
          <params>
            <param index="0">
              <value>
                <![CDATA[{Check Out Date=Check Out Date, Adults per Room=Adults per Room, Check In Date=Check In Date, Expected Title1=Expected Title1, Children per Room=Children per Room, Expected Title2=Expected Title2, Hotels=Hotels, password=password, Room Type=Room Type, Number of Rooms=Number of Rooms, username=username, Location=Location}]]>
              </value>
            </param>
          </params>
          <exception class="java.lang.AssertionError">
            <message>
              <![CDATA[expected [Expected Title1] but found [Adactin.com - Hotel Reservation System]]]>
            </message>
            <full-stacktrace>
              <![CDATA[java.lang.AssertionError: expected [Expected Title1] but found [Adactin.com - Hotel Reservation System]
at org.testng.Assert.fail(Assert.java:110)
at org.testng.Assert.failNotEquals(Assert.java:1577)
at org.testng.Assert.assertEqualsImpl(Assert.java:149)
at org.testng.Assert.assertEquals(Assert.java:131)
at org.testng.Assert.assertEquals(Assert.java:655)
at org.testng.Assert.assertEquals(Assert.java:665)
at keywords.ValidationKeywords.validateTitle(ValidationKeywords.java:10)
at smoke.ValidateSearchHotel.validateSearchHotelTest(ValidateSearchHotel.java:28)
at java.base/jdk.internal.reflect.NativeMethodAccessorImpl.invoke0(Native Method)
at java.base/jdk.internal.reflect.NativeMethodAccessorImpl.invoke(NativeMethodAccessorImpl.java:78)
at java.base/jdk.internal.reflect.DelegatingMethodAccessorImpl.invoke(DelegatingMethodAccessorImpl.java:43)
at java.base/java.lang.reflect.Method.invoke(Method.java:567)
at org.testng.internal.invokers.MethodInvocationHelper.invokeMethod(MethodInvocationHelper.java:139)
at org.testng.internal.invokers.TestInvoker.invokeMethod(TestInvoker.java:677)
at org.testng.internal.invokers.TestInvoker.invokeTestMethod(TestInvoker.java:221)
at org.testng.internal.invokers.MethodRunner.runInSequence(MethodRunner.java:50)
at org.testng.internal.invokers.TestInvoker$MethodInvocationAgent.invoke(TestInvoker.java:969)
at org.testng.internal.invokers.TestInvoker.invokeTestMethods(TestInvoker.java:194)
at org.testng.internal.invokers.TestMethodWorker.invokeTestMethods(TestMethodWorker.java:148)
at org.testng.internal.invokers.TestMethodWorker.run(TestMethodWorker.java:128)
at java.base/java.util.ArrayList.forEach(ArrayList.java:1511)
at org.testng.TestRunner.privateRun(TestRunner.java:829)
at org.testng.TestRunner.run(TestRunner.java:602)
at org.testng.SuiteRunner.runTest(SuiteRunner.java:437)
at org.testng.SuiteRunner.runSequentially(SuiteRunner.java:431)
at org.testng.SuiteRunner.privateRun(SuiteRunner.java:391)
at org.testng.SuiteRunner.run(SuiteRunner.java:330)
at org.testng.SuiteRunnerWorker.runSuite(SuiteRunnerWorker.java:52)
at org.testng.SuiteRunnerWorker.run(SuiteRunnerWorker.java:95)
at org.testng.TestNG.runSuitesSequentially(TestNG.java:1256)
at org.testng.TestNG.runSuitesLocally(TestNG.java:1176)
at org.testng.TestNG.runSuites(TestNG.java:1099)
at org.testng.TestNG.run(TestNG.java:1067)
at org.testng.remote.AbstractRemoteTestNG.run(AbstractRemoteTestNG.java:115)
at org.testng.remote.RemoteTestNG.initAndRun(RemoteTestNG.java:251)
at org.testng.remote.RemoteTestNG.main(RemoteTestNG.java:77)
]]>
            </full-stacktrace>
          </exception> <!-- java.lang.AssertionError -->
          <reporter-output>
          </reporter-output>
        </test-method> <!-- validateSearchHotelTest -->
        <test-method is-config="true" signature="fileClose()[pri:0, instance:smoke.ValidateSearchHotel@7188af83]" started-at="2023-08-30T08:21:01 IST" name="fileClose" finished-at="2023-08-30T08:21:01 IST" duration-ms="0" status="PASS">
          <reporter-output>
          </reporter-output>
        </test-method> <!-- fileClose -->
      </class> <!-- smoke.ValidateSearchHotel -->
    </test> <!-- Default test -->
  </suite> <!-- Default suite -->
</testng-results>
